
01:42:27.485 [info] Loading 38 CA(s) from :otp store

01:42:30.574 id=0 [debug] handled request client -> server initialize in 2263ms

01:42:30.744 [debug] sent notification server -> client window/logMessage

01:42:30.795 [debug] NextLS v0.23.3 has initialized!

01:42:30.795 [debug] sent notification server -> client window/logMessage

01:42:30.795 [debug] Log file located at c:/Users/HP/Desktop/cloned/projects/editor/.elixir-tools/next-ls.log

01:42:30.863 [debug] sent notification server -> client window/logMessage

01:42:30.863 [info] [extension] Credo initializing with options %NextLS.InitOpts.Extensions.Credo{enable: true, cli_options: []}

01:42:30.863 id=72 [debug] sent request server -> client client/registerCapability

01:42:47.785 [debug] sent notification server -> client window/logMessage

01:42:47.786 [debug] Booting runtimes...

01:42:47.827 id=200 [debug] sent request server -> client window/workDoneProgress/create

01:42:47.879 [debug] sent notification server -> client $/progress

01:42:48.189 [debug] sent notification server -> client window/logMessage

01:42:48.189 [info] Beginning DB migration...

01:42:48.326 [debug] sent notification server -> client window/logMessage

01:42:48.326 [info] Database is being upgraded from version 0 to 7.

This will trigger a full recompilation in order to re-index your codebase.


01:42:48.333 [debug] sent notification server -> client window/logMessage

01:42:48.333 [info] Finished DB migration...

01:42:48.438 [error] ** (MatchError) no match of right hand side value: {:error, {:shutdown, {:failed_to_start_child, NextLS.Runtime, {:badarg, [{NextLS.Runtime, :init, 1, [file: ~c"lib/next_ls/runtime.ex", line: 135, error_info: %{cause: {1, :binary, :type, nil}, function: :format_bs_fail, module: :erl_erts_errors}]}, {:gen_server, :init_it, 2, [file: ~c"gen_server.erl", line: 2229]}, {:gen_server, :init_it, 6, [file: ~c"gen_server.erl", line: 2184]}, {:proc_lib, :init_p_do_apply, 3, [file: ~c"proc_lib.erl", line: 329]}]}}}}
    (next_ls 0.23.3) lib/next_ls.ex:899: anonymous fn/5 in NextLS.handle_notification/2
    (elixir 1.17.3) lib/enum.ex:2531: Enum."-reduce/3-lists^foldl/2-0-"/3
    (next_ls 0.23.3) lib/next_ls.ex:894: NextLS.handle_notification/2
    (gen_lsp 0.10.0) lib/gen_lsp.ex:478: anonymous fn/2 in GenLSP.loop/3
    (telemetry 1.2.1) /Users/runner/work/next-ls/next-ls/deps/telemetry/src/telemetry.erl:321: :telemetry.span/3
    (gen_lsp 0.10.0) lib/gen_lsp.ex:474: anonymous fn/7 in GenLSP.loop/3
    (gen_lsp 0.10.0) lib/gen_lsp.ex:553: GenLSP.attempt/4
    (stdlib 6.2) proc_lib.erl:329: :proc_lib.init_p_do_apply/3


01:42:48.438 [debug] sent notification server -> client window/logMessage

01:42:48.504 [debug] handled notification client -> server textDocument/didOpen in 66ms

01:42:48.683 id=1 [debug] handled request client -> server textDocument/documentSymbol in 178ms

01:42:49.134 id=2 [debug] handled request client -> server textDocument/codeAction in 450ms

01:42:49.157 [debug] handled notification client -> server $/cancelRequest in 23ms

01:42:49.157 id=3 [debug] handled request client -> server textDocument/documentSymbol in 615µs

01:42:49.157 id=4 [debug] handled request client -> server textDocument/documentSymbol in 307µs

01:42:49.157 [debug] handled notification client -> server $/cancelRequest in 0µs

01:42:49.157 [debug] handled notification client -> server $/cancelRequest in 103µs

01:42:49.207 [debug] handled notification client -> server textDocument/didChange in 49ms

01:42:49.208 id=5 [debug] handled request client -> server textDocument/codeAction in 205µs

01:42:49.208 [debug] handled notification client -> server $/cancelRequest in 102µs

01:42:49.208 id=6 [debug] handled request client -> server textDocument/documentSymbol in 308µs

01:42:49.208 id=7 [debug] handled request client -> server textDocument/documentSymbol in 204µs

01:42:49.240 [debug] handled notification client -> server textDocument/didSave in 32ms

01:42:49.330 [debug] handled notification client -> server workspace/didChangeWatchedFiles in 88ms

01:42:49.330 [debug] handled notification client -> server $/cancelRequest in 103µs

01:42:49.330 [debug] handled notification client -> server $/cancelRequest in 0µs

01:42:49.331 [debug] handled notification client -> server textDocument/didChange in 615µs

01:42:49.331 id=8 [debug] handled request client -> server textDocument/codeAction in 102µs

01:42:49.331 [debug] handled notification client -> server $/cancelRequest in 103µs

01:42:49.331 [debug] handled notification client -> server textDocument/didChange in 409µs

01:42:49.332 id=9 [debug] handled request client -> server textDocument/codeAction in 205µs

01:42:49.332 id=10 [debug] handled request client -> server textDocument/documentSymbol in 410µs

01:42:49.332 [debug] handled notification client -> server $/cancelRequest in 0µs

01:42:49.332 id=11 [debug] handled request client -> server textDocument/documentSymbol in 307µs

01:42:49.332 [debug] handled notification client -> server $/cancelRequest in 103µs

01:42:49.332 [debug] handled notification client -> server $/cancelRequest in 102µs

01:42:49.333 [debug] handled notification client -> server textDocument/didChange in 512µs

01:42:49.333 id=12 [debug] handled request client -> server textDocument/codeAction in 102µs

01:42:49.333 id=13 [debug] handled request client -> server textDocument/documentSymbol in 410µs

01:42:49.334 [debug] handled notification client -> server textDocument/didSave in 614µs

01:42:49.334 [debug] handled notification client -> server workspace/didChangeWatchedFiles in 307µs

01:42:49.334 [debug] handled notification client -> server $/cancelRequest in 0µs

01:42:49.334 id=14 [debug] handled request client -> server textDocument/documentSymbol in 307µs

01:42:50.416 id=15 [debug] handled request client -> server textDocument/hover in 1081ms

01:42:50.416 [debug] handled notification client -> server $/cancelRequest in 102µs

01:42:51.429 id=16 [debug] handled request client -> server textDocument/hover in 1012ms

01:42:51.429 [debug] handled notification client -> server $/cancelRequest in 102µs

01:42:52.447 id=17 [debug] handled request client -> server textDocument/hover in 1017ms

01:42:52.447 [debug] handled notification client -> server $/cancelRequest in 205µs

01:42:53.452 id=18 [debug] handled request client -> server textDocument/hover in 1004ms

01:42:53.452 [debug] handled notification client -> server $/cancelRequest in 103µs

01:42:53.452 [debug] handled notification client -> server $/cancelRequest in 0µs

01:42:53.452 [debug] handled notification client -> server $/cancelRequest in 103µs

01:42:53.453 [debug] handled notification client -> server textDocument/didChange in 1ms

01:42:53.454 id=19 [debug] handled request client -> server textDocument/codeAction in 512µs

01:42:53.455 id=20 [debug] handled request client -> server textDocument/documentSymbol in 819µs

01:42:53.455 [debug] handled notification client -> server $/cancelRequest in 103µs

01:42:53.455 [debug] handled notification client -> server $/cancelRequest in 0µs

01:42:53.456 [debug] handled notification client -> server textDocument/didChange in 717µs

01:42:53.456 id=21 [debug] handled request client -> server textDocument/codeAction in 410µs

01:42:53.457 id=22 [debug] handled request client -> server textDocument/documentSymbol in 717µs

01:42:53.458 [debug] handled notification client -> server textDocument/didSave in 717µs

01:42:53.458 [debug] handled notification client -> server workspace/didChangeWatchedFiles in 409µs

01:42:53.459 id=23 [debug] handled request client -> server textDocument/documentSymbol in 819µs

01:43:33.891 [debug] handled notification client -> server workspace/didChangeWatchedFiles in 1ms

01:43:34.443 [debug] handled notification client -> server workspace/didChangeWatchedFiles in 6ms

01:43:34.745 [debug] handled notification client -> server workspace/didChangeWatchedFiles in 2ms
